<?xml version="1.0" encoding="UTF-8"?>
<testng-results ignored="0" total="1" passed="1" failed="0" skipped="0">
  <reporter-output>
  </reporter-output>
  <suite started-at="2020-12-15T15:38:40 IST" name="Suite" finished-at="2020-12-15T15:39:16 IST" duration-ms="36832">
    <groups>
    </groups>
    <test started-at="2020-12-15T15:38:40 IST" name="Test" finished-at="2020-12-15T15:39:16 IST" duration-ms="36832">
      <class name="QEA.DemoProject.SignIn">
        <test-method signature="find()[pri:0, instance:QEA.DemoProject.SignIn@247bddad]" started-at="2020-12-15T15:38:40 IST" name="find" finished-at="2020-12-15T15:39:16 IST" duration-ms="36778" status="PASS">
          <reporter-output>
          </reporter-output>
        </test-method> <!-- find -->
      </class> <!-- QEA.DemoProject.SignIn -->
    </test> <!-- Test -->
  </suite> <!-- Suite -->
</testng-results>
